\BOOKMARK [1][-]{section.1}{Introduction}{}% 1
\BOOKMARK [1][-]{section.2}{Theory and implementation}{}% 2
\BOOKMARK [2][-]{subsection.2.1}{The general problem}{section.2}% 3
\BOOKMARK [2][-]{subsection.2.2}{Exact solution of the diffusion equation}{section.2}% 4
\BOOKMARK [2][-]{subsection.2.3}{Solution using explicit Euler scheme}{section.2}% 5
\BOOKMARK [3][-]{subsubsection.2.3.1}{Implementation}{subsection.2.3}% 6
\BOOKMARK [2][-]{subsection.2.4}{Solution using a Neural Network}{section.2}% 7
\BOOKMARK [2][-]{subsection.2.5}{Computing eigenpairs with Neural Networks}{section.2}% 8
\BOOKMARK [2][-]{subsection.2.6}{Implementing the Neural Network}{section.2}% 9
\BOOKMARK [2][-]{subsection.2.7}{PDE}{section.2}% 10
\BOOKMARK [2][-]{subsection.2.8}{Trial Solution}{section.2}% 11
\BOOKMARK [2][-]{subsection.2.9}{Artificial Neural Networks}{section.2}% 12
\BOOKMARK [2][-]{subsection.2.10}{Metrics used to evaluated solutions}{section.2}% 13
\BOOKMARK [3][-]{subsubsection.2.10.1}{Backpropagation \(ANN\)}{subsection.2.10}% 14
\BOOKMARK [2][-]{subsection.2.11}{Data description - the function}{section.2}% 15
\BOOKMARK [1][-]{section.3}{Method}{}% 16
\BOOKMARK [2][-]{subsection.3.1}{Execution of Python Code}{section.3}% 17
\BOOKMARK [1][-]{section.4}{Results}{}% 18
\BOOKMARK [1][-]{section.5}{Conclusion}{}% 19
\BOOKMARK [1][-]{section.6}{Future Work}{}% 20
\BOOKMARK [1][-]{section.7}{Appendix}{}% 21
