This is pdfTeX, Version 3.14159265-2.6-1.40.20 (MiKTeX 2.9.7140 64-bit) (preloaded format=pdflatex 2019.9.11)  17 DEC 2019 11:29
entering extended mode
**./Project1_main.tex
(Project1_main.tex
LaTeX2e <2018-12-01>
("C:\Users\Eirik N\AppData\Local\Programs\MiKTeX 2.9\tex/latex/base\article.cls
"
Document Class: article 2018/09/03 v1.4i Standard LaTeX document class
("C:\Users\Eirik N\AppData\Local\Programs\MiKTeX 2.9\tex/latex/base\size11.clo"
File: size11.clo 2018/09/03 v1.4i Standard LaTeX file (size option)
)
\c@part=\count80
\c@section=\count81
\c@subsection=\count82
\c@subsubsection=\count83
\c@paragraph=\count84
\c@subparagraph=\count85
\c@figure=\count86
\c@table=\count87
\abovecaptionskip=\skip41
\belowcaptionskip=\skip42
\bibindent=\dimen102
)
("C:\Users\Eirik N\AppData\Local\Programs\MiKTeX 2.9\tex/latex/tree-dvips\lingm
acros.sty"
\c@enums=\count88
\widelabel=\dimen103
\c@tempcnt=\count89
\c@enumsi=\count90
\eeindent=\dimen104
)
("C:\Users\Eirik N\AppData\Local\Programs\MiKTeX 2.9\tex/latex/blindtext\blindt
ext.sty"
Package: blindtext 2012/01/06 V2.0 blindtext-Package

("C:\Users\Eirik N\AppData\Local\Programs\MiKTeX 2.9\tex/latex/tools\xspace.sty
"
Package: xspace 2014/10/28 v1.13 Space after command names (DPC,MH)
)
\c@blindtext=\count91
\c@Blindtext=\count92
\c@blind@countparstart=\count93
\blind@countxx=\count94
\blindtext@numBlindtext=\count95
\blind@countyy=\count96
\c@blindlist=\count97
\c@blindlistlevel=\count98
\c@blindlist@level=\count99
\blind@listitem=\count100
\c@blind@listcount=\count101
\c@blind@levelcount=\count102
\blind@mathformula=\count103
\blind@Mathformula=\count104
\c@blind@randomcount=\count105
\c@blind@randommax=\count106
\c@blind@pangramcount=\count107
\c@blind@pangrammax=\count108
)
("C:\Users\Eirik N\AppData\Local\Programs\MiKTeX 2.9\tex/latex/tree-dvips\tree-
dvips.sty"
tree-dvips version .91 of May 16, 1995
\nodemargin=\dimen105
\treelinewidth=\dimen106
\dashlength=\dimen107
\arrowwidth=\dimen108
\arrowlength=\dimen109
\arrowinset=\dimen110
\pos@t=\toks14
\pos@b=\toks15
\pos@l=\toks16
\pos@r=\toks17
\pos@tl=\toks18
\pos@tr=\toks19
\pos@bl=\toks20
\pos@br=\toks21
\@arrow=\count109
\@tempdimc=\dimen111
)
("C:\Users\Eirik N\AppData\Local\Programs\MiKTeX 2.9\tex/latex/amsmath\amsmath.
sty"
Package: amsmath 2018/12/01 v2.17b AMS math features
\@mathmargin=\skip43

For additional information on amsmath, use the `?' option.

("C:\Users\Eirik N\AppData\Local\Programs\MiKTeX 2.9\tex/latex/amsmath\amstext.
sty"
Package: amstext 2000/06/29 v2.01 AMS text

("C:\Users\Eirik N\AppData\Local\Programs\MiKTeX 2.9\tex/latex/amsmath\amsgen.s
ty"
File: amsgen.sty 1999/11/30 v2.0 generic functions
\@emptytoks=\toks22
\ex@=\dimen112
))
("C:\Users\Eirik N\AppData\Local\Programs\MiKTeX 2.9\tex/latex/amsmath\amsbsy.s
ty"
Package: amsbsy 1999/11/29 v1.2d Bold Symbols
\pmbraise@=\dimen113
)
("C:\Users\Eirik N\AppData\Local\Programs\MiKTeX 2.9\tex/latex/amsmath\amsopn.s
ty"
Package: amsopn 2016/03/08 v2.02 operator names
)
\inf@bad=\count110
LaTeX Info: Redefining \frac on input line 223.
\uproot@=\count111
\leftroot@=\count112
LaTeX Info: Redefining \overline on input line 385.
\classnum@=\count113
\DOTSCASE@=\count114
LaTeX Info: Redefining \ldots on input line 482.
LaTeX Info: Redefining \dots on input line 485.
LaTeX Info: Redefining \cdots on input line 606.
\Mathstrutbox@=\box27
\strutbox@=\box28
\big@size=\dimen114
LaTeX Font Info:    Redeclaring font encoding OML on input line 729.
LaTeX Font Info:    Redeclaring font encoding OMS on input line 730.
\macc@depth=\count115
\c@MaxMatrixCols=\count116
\dotsspace@=\muskip10
\c@parentequation=\count117
\dspbrk@lvl=\count118
\tag@help=\toks23
\row@=\count119
\column@=\count120
\maxfields@=\count121
\andhelp@=\toks24
\eqnshift@=\dimen115
\alignsep@=\dimen116
\tagshift@=\dimen117
\tagwidth@=\dimen118
\totwidth@=\dimen119
\lineht@=\dimen120
\@envbody=\toks25
\multlinegap=\skip44
\multlinetaggap=\skip45
\mathdisplay@stack=\toks26
LaTeX Info: Redefining \[ on input line 2844.
LaTeX Info: Redefining \] on input line 2845.
)
("C:\Users\Eirik N\AppData\Local\Programs\MiKTeX 2.9\tex/latex/tools\multicol.s
ty"
Package: multicol 2018/12/27 v1.8v multicolumn formatting (FMi)
\c@tracingmulticols=\count122


Package multicol Warning: May not work with the twocolumn option on input line 
141.

\mult@box=\box29
\multicol@leftmargin=\dimen121
\c@unbalance=\count123
\c@collectmore=\count124
\doublecol@number=\count125
\multicoltolerance=\count126
\multicolpretolerance=\count127
\full@width=\dimen122
\page@free=\dimen123
\premulticols=\dimen124
\postmulticols=\dimen125
\multicolsep=\skip46
\multicolbaselineskip=\skip47
\partial@page=\box30
\last@line=\box31
\maxbalancingoverflow=\dimen126
\mult@rightbox=\box32
\mult@grightbox=\box33
\mult@gfirstbox=\box34
\mult@firstbox=\box35
\@tempa=\box36
\@tempa=\box37
\@tempa=\box38
\@tempa=\box39
\@tempa=\box40
\@tempa=\box41
\@tempa=\box42
\@tempa=\box43
\@tempa=\box44
\@tempa=\box45
\@tempa=\box46
\@tempa=\box47
\@tempa=\box48
\@tempa=\box49
\@tempa=\box50
\@tempa=\box51
\@tempa=\box52
\c@columnbadness=\count128
\c@finalcolumnbadness=\count129
\last@try=\dimen127
\multicolovershoot=\dimen128
\multicolundershoot=\dimen129
\mult@nat@firstbox=\box53
\colbreak@box=\box54
\mc@col@check@num=\count130
)
("C:\Users\Eirik N\AppData\Local\Programs\MiKTeX 2.9\tex/latex/mathtools\mathto
ols.sty"
Package: mathtools 2019/07/31 v1.22 mathematical typesetting tools

("C:\Users\Eirik N\AppData\Local\Programs\MiKTeX 2.9\tex/latex/graphics\keyval.
sty"
Package: keyval 2014/10/28 v1.15 key=value parser (DPC)
\KV@toks@=\toks27
)
("C:\Users\Eirik N\AppData\Local\Programs\MiKTeX 2.9\tex/latex/tools\calc.sty"
Package: calc 2017/05/25 v4.3 Infix arithmetic (KKT,FJ)
\calc@Acount=\count131
\calc@Bcount=\count132
\calc@Adimen=\dimen130
\calc@Bdimen=\dimen131
\calc@Askip=\skip48
\calc@Bskip=\skip49
LaTeX Info: Redefining \setlength on input line 80.
LaTeX Info: Redefining \addtolength on input line 81.
\calc@Ccount=\count133
\calc@Cskip=\skip50
)
("C:\Users\Eirik N\AppData\Local\Programs\MiKTeX 2.9\tex/latex/mathtools\mhsetu
p.sty"
Package: mhsetup 2017/03/31 v1.3 programming setup (MH)
)
LaTeX Info: Thecontrolsequence`\('isalreadyrobust on input line 129.
LaTeX Info: Thecontrolsequence`\)'isalreadyrobust on input line 129.
LaTeX Info: Thecontrolsequence`\['isalreadyrobust on input line 129.
LaTeX Info: Thecontrolsequence`\]'isalreadyrobust on input line 129.
\g_MT_multlinerow_int=\count134
\l_MT_multwidth_dim=\dimen132
\origjot=\skip51
\l_MT_shortvdotswithinadjustabove_dim=\dimen133
\l_MT_shortvdotswithinadjustbelow_dim=\dimen134
\l_MT_above_intertext_sep=\dimen135
\l_MT_below_intertext_sep=\dimen136
\l_MT_above_shortintertext_sep=\dimen137
\l_MT_below_shortintertext_sep=\dimen138
)
("C:\Users\Eirik N\AppData\Local\Programs\MiKTeX 2.9\tex/latex/hyperref\hyperre
f.sty"
Package: hyperref 2019/06/12 v6.88h Hypertext links for LaTeX

("C:\Users\Eirik N\AppData\Local\Programs\MiKTeX 2.9\tex/generic/oberdiek\hobsu
b-hyperref.sty"
Package: hobsub-hyperref 2016/05/16 v1.14 Bundle oberdiek, subset hyperref (HO)


("C:\Users\Eirik N\AppData\Local\Programs\MiKTeX 2.9\tex/generic/oberdiek\hobsu
b-generic.sty"
Package: hobsub-generic 2016/05/16 v1.14 Bundle oberdiek, subset generic (HO)
Package: hobsub 2016/05/16 v1.14 Construct package bundles (HO)
Package: infwarerr 2016/05/16 v1.4 Providing info/warning/error messages (HO)
Package: ltxcmds 2016/05/16 v1.23 LaTeX kernel commands for general use (HO)
Package: ifluatex 2016/05/16 v1.4 Provides the ifluatex switch (HO)
Package ifluatex Info: LuaTeX not detected.
Package: ifvtex 2016/05/16 v1.6 Detect VTeX and its facilities (HO)
Package ifvtex Info: VTeX not detected.
Package: intcalc 2016/05/16 v1.2 Expandable calculations with integers (HO)
Package: ifpdf 2018/09/07 v3.3 Provides the ifpdf switch
Package: etexcmds 2016/05/16 v1.6 Avoid name clashes with e-TeX commands (HO)
Package: kvsetkeys 2016/05/16 v1.17 Key value parser (HO)
Package: kvdefinekeys 2016/05/16 v1.4 Define keys (HO)
Package: pdftexcmds 2019/07/25 v0.30 Utility functions of pdfTeX for LuaTeX (HO
)
Package pdftexcmds Info: LuaTeX not detected.
Package pdftexcmds Info: \pdf@primitive is available.
Package pdftexcmds Info: \pdf@ifprimitive is available.
Package pdftexcmds Info: \pdfdraftmode found.
Package: pdfescape 2016/05/16 v1.14 Implements pdfTeX's escape features (HO)
Package: bigintcalc 2016/05/16 v1.4 Expandable calculations on big integers (HO
)
Package: bitset 2016/05/16 v1.2 Handle bit-vector datatype (HO)
Package: uniquecounter 2016/05/16 v1.3 Provide unlimited unique counter (HO)
)
Package hobsub Info: Skipping package `hobsub' (already loaded).
Package: letltxmacro 2016/05/16 v1.5 Let assignment for LaTeX macros (HO)
Package: hopatch 2016/05/16 v1.3 Wrapper for package hooks (HO)
Package: xcolor-patch 2016/05/16 xcolor patch
Package: atveryend 2016/05/16 v1.9 Hooks at the very end of document (HO)
Package atveryend Info: \enddocument detected (standard20110627).
Package: atbegshi 2016/06/09 v1.18 At begin shipout hook (HO)
Package: refcount 2016/05/16 v3.5 Data extraction from label references (HO)
Package: hycolor 2016/05/16 v1.8 Color options for hyperref/bookmark (HO)
)
("C:\Users\Eirik N\AppData\Local\Programs\MiKTeX 2.9\tex/generic/ifxetex\ifxete
x.sty"
Package: ifxetex 2010/09/12 v0.6 Provides ifxetex conditional
)
("C:\Users\Eirik N\AppData\Local\Programs\MiKTeX 2.9\tex/latex/oberdiek\auxhook
.sty"
Package: auxhook 2016/05/16 v1.4 Hooks for auxiliary files (HO)
)
("C:\Users\Eirik N\AppData\Local\Programs\MiKTeX 2.9\tex/latex/oberdiek\kvoptio
ns.sty"
Package: kvoptions 2016/05/16 v3.12 Key value format for package options (HO)
)
\@linkdim=\dimen139
\Hy@linkcounter=\count135
\Hy@pagecounter=\count136

("C:\Users\Eirik N\AppData\Local\Programs\MiKTeX 2.9\tex/latex/hyperref\pd1enc.
def"
File: pd1enc.def 2019/06/12 v6.88h Hyperref: PDFDocEncoding definition (HO)
Now handling font encoding PD1 ...
... no UTF-8 mapping file for font encoding PD1
)
\Hy@SavedSpaceFactor=\count137

("C:\Users\Eirik N\AppData\Local\Programs\MiKTeX 2.9\tex/latex/00miktex\hyperre
f.cfg"
File: hyperref.cfg 2002/06/06 v1.2 hyperref configuration of TeXLive
)
Package hyperref Info: Hyper figures OFF on input line 4550.
Package hyperref Info: Link nesting OFF on input line 4555.
Package hyperref Info: Hyper index ON on input line 4558.
Package hyperref Info: Plain pages OFF on input line 4565.
Package hyperref Info: Backreferencing OFF on input line 4570.
Package hyperref Info: Implicit mode ON; LaTeX internals redefined.
Package hyperref Info: Bookmarks ON on input line 4803.
\c@Hy@tempcnt=\count138

("C:\Users\Eirik N\AppData\Local\Programs\MiKTeX 2.9\tex/latex/url\url.sty"
\Urlmuskip=\muskip11
Package: url 2013/09/16  ver 3.4  Verb mode for urls, etc.
)
LaTeX Info: Redefining \url on input line 5156.
\XeTeXLinkMargin=\dimen140
\Fld@menulength=\count139
\Field@Width=\dimen141
\Fld@charsize=\dimen142
Package hyperref Info: Hyper figures OFF on input line 6411.
Package hyperref Info: Link nesting OFF on input line 6416.
Package hyperref Info: Hyper index ON on input line 6419.
Package hyperref Info: backreferencing OFF on input line 6426.
Package hyperref Info: Link coloring OFF on input line 6431.
Package hyperref Info: Link coloring with OCG OFF on input line 6436.
Package hyperref Info: PDF/A mode OFF on input line 6441.
LaTeX Info: Redefining \ref on input line 6481.
LaTeX Info: Redefining \pageref on input line 6485.
\Hy@abspage=\count140
\c@Item=\count141
\c@Hfootnote=\count142
)
Package hyperref Info: Driver (autodetected): hpdftex.

("C:\Users\Eirik N\AppData\Local\Programs\MiKTeX 2.9\tex/latex/hyperref\hpdftex
.def"
File: hpdftex.def 2019/06/12 v6.88h Hyperref driver for pdfTeX
\Fld@listcount=\count143
\c@bookmark@seq@number=\count144

("C:\Users\Eirik N\AppData\Local\Programs\MiKTeX 2.9\tex/latex/oberdiek\rerunfi
lecheck.sty"
Package: rerunfilecheck 2016/05/16 v1.8 Rerun checks for auxiliary files (HO)
Package uniquecounter Info: New unique counter `rerunfilecheck' on input line 2
82.
)
\Hy@SectionHShift=\skip52
)
("C:\Users\Eirik N\AppData\Local\Programs\MiKTeX 2.9\tex/latex/graphics\graphic
x.sty"
Package: graphicx 2017/06/01 v1.1a Enhanced LaTeX Graphics (DPC,SPQR)

("C:\Users\Eirik N\AppData\Local\Programs\MiKTeX 2.9\tex/latex/graphics\graphic
s.sty"
Package: graphics 2017/06/25 v1.2c Standard LaTeX Graphics (DPC,SPQR)

("C:\Users\Eirik N\AppData\Local\Programs\MiKTeX 2.9\tex/latex/graphics\trig.st
y"
Package: trig 2016/01/03 v1.10 sin cos tan (DPC)
)
("C:\Users\Eirik N\AppData\Local\Programs\MiKTeX 2.9\tex/latex/graphics-cfg\gra
phics.cfg"
File: graphics.cfg 2016/06/04 v1.11 sample graphics configuration
)
Package graphics Info: Driver file: pdftex.def on input line 99.

("C:\Users\Eirik N\AppData\Local\Programs\MiKTeX 2.9\tex/latex/graphics-def\pdf
tex.def"
File: pdftex.def 2018/01/08 v1.0l Graphics/color driver for pdftex
))
\Gin@req@height=\dimen143
\Gin@req@width=\dimen144
) (Project1_main.aux

LaTeX Warning: Label `conflasso' multiply defined.

)
\openout1 = `Project1_main.aux'.

LaTeX Font Info:    Checking defaults for OML/cmm/m/it on input line 13.
LaTeX Font Info:    ... okay on input line 13.
LaTeX Font Info:    Checking defaults for T1/cmr/m/n on input line 13.
LaTeX Font Info:    ... okay on input line 13.
LaTeX Font Info:    Checking defaults for OT1/cmr/m/n on input line 13.
LaTeX Font Info:    ... okay on input line 13.
LaTeX Font Info:    Checking defaults for OMS/cmsy/m/n on input line 13.
LaTeX Font Info:    ... okay on input line 13.
LaTeX Font Info:    Checking defaults for OMX/cmex/m/n on input line 13.
LaTeX Font Info:    ... okay on input line 13.
LaTeX Font Info:    Checking defaults for U/cmr/m/n on input line 13.
LaTeX Font Info:    ... okay on input line 13.
LaTeX Font Info:    Checking defaults for PD1/pdf/m/n on input line 13.
LaTeX Font Info:    ... okay on input line 13.
\AtBeginShipoutBox=\box55
Package hyperref Info: Link coloring OFF on input line 13.

("C:\Users\Eirik N\AppData\Local\Programs\MiKTeX 2.9\tex/latex/hyperref\nameref
.sty"
Package: nameref 2016/05/21 v2.44 Cross-referencing by name of section

("C:\Users\Eirik N\AppData\Local\Programs\MiKTeX 2.9\tex/generic/oberdiek\getti
tlestring.sty"
Package: gettitlestring 2016/05/16 v1.5 Cleanup title references (HO)
)
\c@section@level=\count145
)
LaTeX Info: Redefining \ref on input line 13.
LaTeX Info: Redefining \pageref on input line 13.
LaTeX Info: Redefining \nameref on input line 13.
 (Project1_main.out) (Project1_main.out)
\@outlinefile=\write3
\openout3 = `Project1_main.out'.


("C:\Users\Eirik N\AppData\Local\Programs\MiKTeX 2.9\tex/context/base/mkii\supp
-pdf.mkii"
[Loading MPS to PDF converter (version 2006.09.02).]
\scratchcounter=\count146
\scratchdimen=\dimen145
\scratchbox=\box56
\nofMPsegments=\count147
\nofMParguments=\count148
\everyMPshowfont=\toks28
\MPscratchCnt=\count149
\MPscratchDim=\dimen146
\MPnumerator=\count150
\makeMPintoPDFobject=\count151
\everyMPtoPDFconversion=\toks29
)
("C:\Users\Eirik N\AppData\Local\Programs\MiKTeX 2.9\tex/latex/oberdiek\epstopd
f-base.sty"
Package: epstopdf-base 2016/05/15 v2.6 Base part for package epstopdf

("C:\Users\Eirik N\AppData\Local\Programs\MiKTeX 2.9\tex/latex/oberdiek\grfext.
sty"
Package: grfext 2016/05/16 v1.2 Manage graphics extensions (HO)
)
Package epstopdf-base Info: Redefining graphics rule for `.eps' on input line 4
38.
Package grfext Info: Graphics extension search list:
(grfext)             [.pdf,.png,.jpg,.mps,.jpeg,.jbig2,.jb2,.PDF,.PNG,.JPG,.JPE
G,.JBIG2,.JB2,.eps]
(grfext)             \AppendGraphicsExtensions on input line 456.
)
Underfull \hbox (badness 1688) in paragraph at lines 36--41
\OT1/cmr/m/n/10.95 X2,...,Xp. Even though there are many
 []


Underfull \hbox (badness 2932) in paragraph at lines 36--41
\OT1/cmr/m/n/10.95 other, no-linear mod-els you might think
 []


Underfull \hbox (badness 2512) in paragraph at lines 36--41
\OT1/cmr/m/n/10.95 with small num-bers of train-ing cases or
 []


Underfull \hbox (badness 10000) in paragraph at lines 36--41

 []


Underfull \hbox (badness 10000) in paragraph at lines 36--41

 []


Underfull \hbox (badness 10000) in paragraph at lines 36--41

 []


Underfull \hbox (badness 10000) in paragraph at lines 36--41

 []

<Franke3.png, id=65, 155.68163pt x 128.8815pt>
File: Franke3.png Graphic file (type png)
<use Franke3.png>
Package pdftex.def Info: Franke3.png  used on input line 45.
(pdftex.def)             Requested size: 116.76093pt x 96.66087pt.

Underfull \hbox (badness 10000) in paragraph at lines 42--52

 []


Underfull \hbox (badness 10000) in paragraph at lines 42--52

 []


Underfull \hbox (badness 10000) in paragraph at lines 42--52

 []


Underfull \vbox (badness 10000) has occurred while \output is active []

 [1{C:/Users/Eirik N/AppData/Local/MiKTeX/2.9/pdftex/config/pdftex.map}


Non-PDF special ignored!
<special> header=tree-dvips91.pro

 <./Franke3.png>] [2]
<olsdeviation.png, id=113, 172.54463pt x 127.677pt>
File: olsdeviation.png Graphic file (type png)
<use olsdeviation.png>
Package pdftex.def Info: olsdeviation.png  used on input line 171.
(pdftex.def)             Requested size: 129.40814pt x 95.7575pt.
<ridgedeviation.png, id=115, 163.51088pt x 126.4725pt>
File: ridgedeviation.png Graphic file (type png)
<use ridgedeviation.png>
Package pdftex.def Info: ridgedeviation.png  used on input line 195.
(pdftex.def)             Requested size: 122.63284pt x 94.85413pt.


LaTeX Warning: `h' float specifier changed to `ht'.

<lassodeviation.png, id=118, 165.61874pt x 127.97812pt>
File: lassodeviation.png Graphic file (type png)
<use lassodeviation.png>
Package pdftex.def Info: lassodeviation.png  used on input line 215.
(pdftex.def)             Requested size: 124.21375pt x 95.98334pt.

LaTeX Warning: `h' float specifier changed to `ht'.

[3 <./olsdeviation.png> <./ridgedeviation.png>] [4 <./lassodeviation.png>]
Underfull \hbox (badness 1721) in paragraph at lines 306--307
\OT1/cmr/m/n/10.95 Defining the Franke func-tion is done us-
 []


Underfull \hbox (badness 1112) in paragraph at lines 306--307
\OT1/cmr/m/n/10.95 ing the code pro-vided in in the Project1
 []


Underfull \hbox (badness 10000) in paragraph at lines 306--307
\OT1/cmr/m/n/10.95 PDF ([]$\OT1/cmtt/m/n/10.95 https : / / github . com / CompP
hysics /
 []


Underfull \hbox (badness 10000) in paragraph at lines 306--307
\OT1/cmtt/m/n/10.95 MachineLearning / tree / master / doc /
 []

[5]
<mselam.png, id=169, 172.2435pt x 137.01187pt>
File: mselam.png Graphic file (type png)
<use mselam.png>
Package pdftex.def Info: mselam.png  used on input line 344.
(pdftex.def)             Requested size: 129.1823pt x 102.75865pt.
<r2lam.png, id=171, 183.68625pt x 137.313pt>
File: r2lam.png Graphic file (type png)
<use r2lam.png>
Package pdftex.def Info: r2lam.png  used on input line 354.
(pdftex.def)             Requested size: 137.76433pt x 102.98448pt.


LaTeX Warning: `h' float specifier changed to `ht'.

[6 <./mselam.png>]
Underfull \hbox (badness 3375) in paragraph at lines 361--362
[]\OT1/cmr/m/n/10.95 In Fig.[]7[] the ridge re-gres-sion per-forms
 []

<msecomp_lam0001.png, id=184, 180.37387pt x 140.32425pt>
File: msecomp_lam0001.png Graphic file (type png)
<use msecomp_lam0001.png>
Package pdftex.def Info: msecomp_lam0001.png  used on input line 365.
(pdftex.def)             Requested size: 135.28006pt x 105.24292pt.
<msecomp_lam01.png, id=185, 182.18062pt x 139.11975pt>
File: msecomp_lam01.png Graphic file (type png)
<use msecomp_lam01.png>
Package pdftex.def Info: msecomp_lam01.png  used on input line 372.
(pdftex.def)             Requested size: 136.63512pt x 104.33954pt.

LaTeX Warning: `h' float specifier changed to `ht'.

<confols.png, id=188, 180.37387pt x 134.60287pt>
File: confols.png Graphic file (type png)
<use confols.png>
Package pdftex.def Info: confols.png  used on input line 383.
(pdftex.def)             Requested size: 135.28006pt x 100.9519pt.

LaTeX Warning: `h' float specifier changed to `ht'.

<confridge.png, id=189, 174.6525pt x 133.6995pt>
File: confridge.png Graphic file (type png)
<use confridge.png>
Package pdftex.def Info: confridge.png  used on input line 390.
(pdftex.def)             Requested size: 130.98904pt x 100.27437pt.

LaTeX Warning: `h' float specifier changed to `ht'.

<conflasso.png, id=190, 174.6525pt x 134.904pt>
File: conflasso.png Graphic file (type png)
<use conflasso.png>
Package pdftex.def Info: conflasso.png  used on input line 397.
(pdftex.def)             Requested size: 130.98904pt x 101.17775pt.

LaTeX Warning: `h' float specifier changed to `ht'.


Underfull \vbox (badness 2285) has occurred while \output is active []


Underfull \vbox (badness 10000) has occurred while \output is active []

 [7 <./r2lam.png> <./msecomp_lam0001.png> <./msecomp_lam01.png> <./confols.png>
]
<msebootstrap.png, id=206, 231.56512pt x 157.7895pt>
File: msebootstrap.png Graphic file (type png)
<use msebootstrap.png>
Package pdftex.def Info: msebootstrap.png  used on input line 429.
(pdftex.def)             Requested size: 173.6734pt x 118.34183pt.
<msekfold.png, id=207, 211.992pt x 147.85237pt>
File: msekfold.png Graphic file (type png)
<use msekfold.png>
Package pdftex.def Info: msekfold.png  used on input line 436.
(pdftex.def)             Requested size: 158.99359pt x 110.88899pt.
 [8 <./confridge.png> <./conflasso.png> <./msebootstrap.png> <./msekfold.png>]
Underfull \hbox (badness 4084) in paragraph at lines 478--478
[] []\OT1/cmr/m/n/10.95 M. Hjorth-Jensen Lec-ture Notes in FYS-STK4155. \OT1/cm
r/m/it/10.95 Data Anal-y-sis and Ma-chine
 []


Underfull \hbox (badness 10000) in paragraph at lines 478--478
\OT1/cmr/m/it/10.95 Learn-ing: Lin-ear Re-gres-sion and more Ad-vanced Re-gres-
sion Anal-y-sis. \OT1/cmr/m/n/10.95 URL:
 []


Overfull \hbox (7.96138pt too wide) in paragraph at lines 478--478
\OT1/cmr/m/n/10.95 https://compphysics.github.io/MachineLearning/doc/pub/Regres
sion/html/Regression.html
 []

Package atveryend Info: Empty hook `BeforeClearDocument' on input line 481.
[9


]
Package atveryend Info: Empty hook `AfterLastShipout' on input line 481.
 (Project1_main.aux)
Package atveryend Info: Executing hook `AtVeryEndDocument' on input line 481.
Package atveryend Info: Executing hook `AtEndAfterFileList' on input line 481.
Package rerunfilecheck Info: File `Project1_main.out' has not changed.
(rerunfilecheck)             Checksum: 7B1E06EC30FD7E28BA3CEB5D45C8FF64;943.


LaTeX Warning: There were multiply-defined labels.

Package atveryend Info: Empty hook `AtVeryVeryEnd' on input line 481.
 ) 
Here is how much of TeX's memory you used:
 6726 strings out of 492895
 101543 string characters out of 3122799
 206032 words of memory out of 3000000
 10502 multiletter control sequences out of 15000+200000
 11591 words of font info for 41 fonts, out of 3000000 for 9000
 1141 hyphenation exceptions out of 8191
 28i,9n,31p,1314b,359s stack positions out of 5000i,500n,10000p,200000b,50000s
<C:/Users/Eirik N/AppData/Local/Programs/MiKTeX 2.9/fonts/type1/public/amsfon
ts/cm/cmbx10.pfb><C:/Users/Eirik N/AppData/Local/Programs/MiKTeX 2.9/fonts/type
1/public/amsfonts/cm/cmbx12.pfb><C:/Users/Eirik N/AppData/Local/Programs/MiKTeX
 2.9/fonts/type1/public/amsfonts/cm/cmbxti10.pfb><C:/Users/Eirik N/AppData/Loca
l/Programs/MiKTeX 2.9/fonts/type1/public/amsfonts/cm/cmex10.pfb><C:/Users/Eirik
 N/AppData/Local/Programs/MiKTeX 2.9/fonts/type1/public/amsfonts/cm/cmmi10.pfb>
<C:/Users/Eirik N/AppData/Local/Programs/MiKTeX 2.9/fonts/type1/public/amsfonts
/cm/cmmi8.pfb><C:/Users/Eirik N/AppData/Local/Programs/MiKTeX 2.9/fonts/type1/p
ublic/amsfonts/cm/cmr10.pfb><C:/Users/Eirik N/AppData/Local/Programs/MiKTeX 2.9
/fonts/type1/public/amsfonts/cm/cmr12.pfb><C:/Users/Eirik N/AppData/Local/Progr
ams/MiKTeX 2.9/fonts/type1/public/amsfonts/cm/cmr17.pfb><C:/Users/Eirik N/AppDa
ta/Local/Programs/MiKTeX 2.9/fonts/type1/public/amsfonts/cm/cmr8.pfb><C:/Users/
Eirik N/AppData/Local/Programs/MiKTeX 2.9/fonts/type1/public/amsfonts/cm/cmsy10
.pfb><C:/Users/Eirik N/AppData/Local/Programs/MiKTeX 2.9/fonts/type1/public/ams
fonts/cm/cmsy8.pfb><C:/Users/Eirik N/AppData/Local/Programs/MiKTeX 2.9/fonts/ty
pe1/public/amsfonts/cm/cmti10.pfb><C:/Users/Eirik N/AppData/Local/Programs/MiKT
eX 2.9/fonts/type1/public/amsfonts/cm/cmtt10.pfb>
Output written on Project1_main.pdf (9 pages, 640371 bytes).
PDF statistics:
 287 PDF objects out of 1000 (max. 8388607)
 67 named destinations out of 1000 (max. 500000)
 186 words of extra memory for PDF output out of 10000 (max. 10000000)

